<?xml version="1.0" encoding="UTF-8"?>
<!-- Generated by org.testng.reporters.JUnitReportReporter -->
<testsuite skipped="0" hostname="Win7-PC" name="com.qa.testNGScripts.Annotation" tests="2" failures="0" timestamp="14 Jun 2020 22:57:03 GMT" time="0.000" errors="0">
  <testcase name="point" time="0.000" classname="com.qa.testNGScripts.Annotation"/>
  <testcase name="loint" time="0.000" classname="com.qa.testNGScripts.Annotation"/>
</testsuite> <!-- com.qa.testNGScripts.Annotation -->
