<?xml version="1.0" encoding="UTF-8"?>
<!-- Generated by org.testng.reporters.JUnitReportReporter -->
<testsuite skipped="0" hostname="Win7-PC" name="com.qa.testNGScripts.demoprallelTestNG" tests="2" failures="0" timestamp="14 Jun 2020 22:56:34 GMT" time="21.203" errors="0">
  <testcase name="login" time="10.571" classname="com.qa.testNGScripts.demoprallelTestNG"/>
  <testcase name="login" time="10.632" classname="com.qa.testNGScripts.demoprallelTestNG"/>
</testsuite> <!-- com.qa.testNGScripts.demoprallelTestNG -->
