<?xml version="1.0" encoding="UTF-8"?>
<!-- Generated by org.testng.reporters.JUnitReportReporter -->
<testsuite skipped="0" hostname="Win7-PC" name="com.qa.testNGScripts.TestNGscript2" tests="1" failures="0" timestamp="04 Jun 2020 00:50:10 GMT" time="1.689" errors="0">
  <testcase name="signin" time="1.689" classname="com.qa.testNGScripts.TestNGscript2"/>
</testsuite> <!-- com.qa.testNGScripts.TestNGscript2 -->
