<?xml version="1.0" encoding="UTF-8"?>
<!-- Generated by org.testng.reporters.JUnitReportReporter -->
<testsuite skipped="0" hostname="Win7-PC" name="com.qa.testNGScripts.ScriptTestNG" tests="3" failures="0" timestamp="04 Jun 2020 00:45:04 GMT" time="3.037" errors="0">
  <testcase name="homepage" time="0.837" classname="com.qa.testNGScripts.ScriptTestNG"/>
  <testcase name="login" time="2.192" classname="com.qa.testNGScripts.ScriptTestNG"/>
  <testcase name="text" time="0.008" classname="com.qa.testNGScripts.ScriptTestNG"/>
</testsuite> <!-- com.qa.testNGScripts.ScriptTestNG -->
