<?xml version="1.0" encoding="UTF-8"?>
<!-- Generated by org.testng.reporters.JUnitReportReporter -->
<testsuite skipped="0" hostname="Win7-PC" name="com.qa.testNGScripts.DemotoursTestNG" tests="1" failures="0" timestamp="14 Jun 2020 22:51:58 GMT" time="1.701" errors="0">
  <testcase name="signin" time="1.701" classname="com.qa.testNGScripts.DemotoursTestNG"/>
</testsuite> <!-- com.qa.testNGScripts.DemotoursTestNG -->
