<?xml version="1.0" encoding="UTF-8"?>
<!-- Generated by org.testng.reporters.JUnitReportReporter -->
<testsuite skipped="0" hostname="Win7-PC" name="com.qa.testNGScripts.TestDataExcel" tests="1" failures="0" timestamp="01 Jun 2020 22:34:07 GMT" time="6.790" errors="0">
  <testcase name="login" time="6.790" classname="com.qa.testNGScripts.TestDataExcel"/>
</testsuite> <!-- com.qa.testNGScripts.TestDataExcel -->
