<?xml version="1.0" encoding="UTF-8"?>
<!-- Generated by org.testng.reporters.JUnitReportReporter -->
<testsuite skipped="0" hostname="Win7-PC" name="com.qa.testNGScripts.RediffTestNG" tests="3" failures="0" timestamp="14 Jun 2020 22:57:03 GMT" time="3.012" errors="0">
  <testcase name="homepage" time="0.804" classname="com.qa.testNGScripts.RediffTestNG"/>
  <testcase name="login" time="2.196" classname="com.qa.testNGScripts.RediffTestNG"/>
  <testcase name="text" time="0.012" classname="com.qa.testNGScripts.RediffTestNG"/>
</testsuite> <!-- com.qa.testNGScripts.RediffTestNG -->
