<?xml version="1.0" encoding="UTF-8"?>
<!-- Generated by org.testng.reporters.JUnitReportReporter -->
<testsuite skipped="0" hostname="Win7-PC" name="com.qa.testNGScripts.Annotations" tests="1" failures="0" timestamp="27 May 2020 00:27:09 GMT" time="0.009" errors="0">
  <testcase name="login" time="0.009" classname="com.qa.testNGScripts.Annotations"/>
</testsuite> <!-- com.qa.testNGScripts.Annotations -->
