<?xml version="1.0" encoding="UTF-8"?>
<!-- Generated by org.testng.reporters.JUnitReportReporter -->
<testsuite skipped="0" hostname="Win7-PC" name="com.qa.testNGScripts.RediffTestNG" tests="3" failures="0" timestamp="15 Jun 2020 00:13:09 GMT" time="2.898" errors="0">
  <testcase name="homepage" time="0.730" classname="com.qa.testNGScripts.RediffTestNG"/>
  <testcase name="login" time="2.158" classname="com.qa.testNGScripts.RediffTestNG"/>
  <testcase name="text" time="0.010" classname="com.qa.testNGScripts.RediffTestNG"/>
</testsuite> <!-- com.qa.testNGScripts.RediffTestNG -->
